# JRE version: OpenJDK Runtime Environment Corretto-21.0.11.10.1 (21.0.11+10) (build 21.0.11+10-LTS)
# Java VM: OpenJDK 64-Bit Server VM Corretto-21.0.11.10.1 (21.0.11+10-LTS, mixed mode, sharing, tiered, compressed oops, compressed class ptrs, g1 gc, windows-amd64)
GC Precious Log:
 CardTable entry size: 512
 Card Set container configuration: InlinePtr #cards 5 size 8 Array Of Cards #cards 12 size 40 Howl #buckets 4 coarsen threshold 1843 Howl Bitmap #cards 512 size 80 coarsen threshold 460 Card regions per heap region 1 cards per card region 2048
 CPUs: 16 total, 16 available
 Memory: 7596M
 Large Page Support: Disabled
 NUMA Support: Disabled
 Compressed Oops: Enabled (32-bit)
 Heap Region Size: 1M
 Heap Min Capacity: 8M
 Heap Initial Capacity: 120M
 Heap Max Capacity: 1900M
 Pre-touch: Disabled
 Parallel Workers: 13
 Concurrent Workers: 3
 Concurrent Refinement Workers: 13
 Periodic GC: Disabled
Heap:
 garbage-first heap   total 80896K, used 58553K [0x0000000089400000, 0x0000000100000000)
  region size 1024K, 18 young (18432K), 4 survivors (4096K)
 Metaspace       used 106486K, committed 107520K, reserved 1179648K
  class space    used 14656K, committed 15104K, reserved 1048576K
GC Heap History (20 events):
Event: 6.898 GC heap before
{Heap before GC invocations=12 (full 0):
 garbage-first heap   total 66560K, used 58015K [0x0000000089400000, 0x0000000100000000)
  region size 1024K, 32 young (32768K), 2 survivors (2048K)
 Metaspace       used 57086K, committed 57728K, reserved 1114112K
  class space    used 7588K, committed 7872K, reserved 1048576K
}
Event: 6.904 GC heap after
{Heap after GC invocations=13 (full 0):
 garbage-first heap   total 66560K, used 30150K [0x0000000089400000, 0x0000000100000000)
  region size 1024K, 4 young (4096K), 4 survivors (4096K)
 Metaspace       used 57086K, committed 57728K, reserved 1114112K
  class space    used 7588K, committed 7872K, reserved 1048576K
}
Event: 7.091 GC heap before
{Heap before GC invocations=13 (full 0):
 garbage-first heap   total 66560K, used 31174K [0x0000000089400000, 0x0000000100000000)
  region size 1024K, 6 young (6144K), 4 survivors (4096K)
 Metaspace       used 59529K, committed 60160K, reserved 1114112K
  class space    used 7881K, committed 8192K, reserved 1048576K
}
Event: 7.096 GC heap after
{Heap after GC invocations=14 (full 0):
 garbage-first heap   total 66560K, used 31167K [0x0000000089400000, 0x0000000100000000)
  region size 1024K, 1 young (1024K), 1 survivors (1024K)
 Metaspace       used 59529K, committed 60160K, reserved 1114112K
  class space    used 7881K, committed 8192K, reserved 1048576K
}
Event: 7.719 GC heap before
{Heap before GC invocations=15 (full 0):
 garbage-first heap   total 66560K, used 56767K [0x0000000089400000, 0x0000000100000000)
  region size 1024K, 26 young (26624K), 1 survivors (1024K)
 Metaspace       used 66310K, committed 67008K, reserved 1114112K
  class space    used 8719K, committed 9024K, reserved 1048576K
}
Event: 7.723 GC heap after
{Heap after GC invocations=16 (full 0):
 garbage-first heap   total 66560K, used 32347K [0x0000000089400000, 0x0000000100000000)
  region size 1024K, 2 young (2048K), 2 survivors (2048K)
 Metaspace       used 66310K, committed 67008K, reserved 1114112K
  class space    used 8719K, committed 9024K, reserved 1048576K
}
Event: 8.317 GC heap before
{Heap before GC invocations=16 (full 0):
 garbage-first heap   total 66560K, used 56923K [0x0000000089400000, 0x0000000100000000)
  region size 1024K, 27 young (27648K), 2 survivors (2048K)
 Metaspace       used 74181K, committed 74880K, reserved 1114112K
  class space    used 9918K, committed 10240K, reserved 1048576K
}
Event: 8.324 GC heap after
{Heap after GC invocations=17 (full 0):
 garbage-first heap   total 66560K, used 33261K [0x0000000089400000, 0x0000000100000000)
  region size 1024K, 3 young (3072K), 3 survivors (3072K)
 Metaspace       used 74181K, committed 74880K, reserved 1114112K
  class space    used 9918K, committed 10240K, reserved 1048576K
}
Event: 11.958 GC heap before
{Heap before GC invocations=17 (full 0):
 garbage-first heap   total 66560K, used 57837K [0x0000000089400000, 0x0000000100000000)
  region size 1024K, 28 young (28672K), 3 survivors (3072K)
 Metaspace       used 79890K, committed 80640K, reserved 1179648K
  class space    used 10746K, committed 11072K, reserved 1048576K
}
Event: 11.970 GC heap after
{Heap after GC invocations=18 (full 0):
 garbage-first heap   total 66560K, used 35100K [0x0000000089400000, 0x0000000100000000)
  region size 1024K, 3 young (3072K), 3 survivors (3072K)
 Metaspace       used 79890K, committed 80640K, reserved 1179648K
  class space    used 10746K, committed 11072K, reserved 1048576K
}
Event: 12.616 GC heap before
{Heap before GC invocations=19 (full 0):
 garbage-first heap   total 66560K, used 58652K [0x0000000089400000, 0x0000000100000000)
  region size 1024K, 27 young (27648K), 3 survivors (3072K)
 Metaspace       used 83510K, committed 84288K, reserved 1179648K
  class space    used 11264K, committed 11584K, reserved 1048576K
}
Event: 12.620 GC heap after
{Heap after GC invocations=20 (full 0):
 garbage-first heap   total 79872K, used 37413K [0x0000000089400000, 0x0000000100000000)
  region size 1024K, 4 young (4096K), 4 survivors (4096K)
 Metaspace       used 83510K, committed 84288K, reserved 1179648K
  class space    used 11264K, committed 11584K, reserved 1048576K
}
Event: 13.408 GC heap before
{Heap before GC invocations=20 (full 0):
 garbage-first heap   total 79872K, used 69157K [0x0000000089400000, 0x0000000100000000)
  region size 1024K, 36 young (36864K), 4 survivors (4096K)
 Metaspace       used 87904K, committed 88704K, reserved 1179648K
  class space    used 11863K, committed 12224K, reserved 1048576K
}
Event: 13.413 GC heap after
{Heap after GC invocations=21 (full 0):
 garbage-first heap   total 79872K, used 39936K [0x0000000089400000, 0x0000000100000000)
  region size 1024K, 5 young (5120K), 5 survivors (5120K)
 Metaspace       used 87904K, committed 88704K, reserved 1179648K
  class space    used 11863K, committed 12224K, reserved 1048576K
}
Event: 33.143 GC heap before
{Heap before GC invocations=21 (full 0):
 garbage-first heap   total 79872K, used 70656K [0x0000000089400000, 0x0000000100000000)
  region size 1024K, 36 young (36864K), 5 survivors (5120K)
 Metaspace       used 93805K, committed 94784K, reserved 1179648K
  class space    used 12739K, committed 13184K, reserved 1048576K
}
Event: 33.149 GC heap after
{Heap after GC invocations=22 (full 0):
 garbage-first heap   total 80896K, used 43263K [0x0000000089400000, 0x0000000100000000)
  region size 1024K, 4 young (4096K), 4 survivors (4096K)
 Metaspace       used 93805K, committed 94784K, reserved 1179648K
  class space    used 12739K, committed 13184K, reserved 1048576K
}
Event: 33.893 GC heap before
{Heap before GC invocations=23 (full 0):
 garbage-first heap   total 80896K, used 70911K [0x0000000089400000, 0x0000000100000000)
  region size 1024K, 32 young (32768K), 4 survivors (4096K)
 Metaspace       used 100843K, committed 101888K, reserved 1179648K
  class space    used 13920K, committed 14400K, reserved 1048576K
}
Event: 33.897 GC heap after
{Heap after GC invocations=24 (full 0):
 garbage-first heap   total 80896K, used 45135K [0x0000000089400000, 0x0000000100000000)
  region size 1024K, 3 young (3072K), 3 survivors (3072K)
 Metaspace       used 100843K, committed 101888K, reserved 1179648K
  class space    used 13920K, committed 14400K, reserved 1048576K
}
Event: 82.907 GC heap before
{Heap before GC invocations=24 (full 0):
 garbage-first heap   total 80896K, used 71759K [0x0000000089400000, 0x0000000100000000)
  region size 1024K, 30 young (30720K), 3 survivors (3072K)
 Metaspace       used 105682K, committed 106688K, reserved 1179648K
  class space    used 14610K, committed 15040K, reserved 1048576K
}
Event: 82.926 GC heap after
{Heap after GC invocations=25 (full 0):
 garbage-first heap   total 80896K, used 46265K [0x0000000089400000, 0x0000000100000000)
  region size 1024K, 4 young (4096K), 4 survivors (4096K)
 Metaspace       used 105682K, committed 106688K, reserved 1179648K
  class space    used 14610K, committed 15040K, reserved 1048576K
}

